
10월 30, 2020 12:32:50.387 NEW SESSION
10월 30, 2020 12:32:50.387 [16304:10892:1030/123250.385:ERROR:device_event_log_impl.cc(208)] [12:32:50.385] Bluetooth: bluetooth_adapter_winrt.cc:1076 Getting Default Adapter failed.
10월 30, 2020 12:48:56.877 [13376:7036:1030/124856.877:ERROR:device_event_log_impl.cc(208)] [12:48:56.876] Bluetooth: bluetooth_adapter_winrt.cc:1076 Getting Default Adapter failed.
10월 30, 2020 12:58:54.277 [1030/125854.276:ERROR:directory_reader_win.cc(43)] FindFirstFile: 지정된 경로를 찾을 수 없습니다. (0x3)
10월 30, 2020 13:32:58.420 [4784:10080:1030/133258.420:ERROR:device_event_log_impl.cc(208)] [13:32:58.420] Bluetooth: bluetooth_adapter_winrt.cc:1076 Getting Default Adapter failed.
10월 30, 2020 13:42:52.844 [1030/134252.843:ERROR:directory_reader_win.cc(43)] FindFirstFile: 지정된 경로를 찾을 수 없습니다. (0x3)
10월 30, 2020 13:47:54.246 [128:9124:1030/134754.245:ERROR:device_event_log_impl.cc(208)] [13:47:54.246] Bluetooth: bluetooth_adapter_winrt.cc:1076 Getting Default Adapter failed.
10월 30, 2020 13:57:45.663 [1030/135745.660:ERROR:directory_reader_win.cc(43)] FindFirstFile: 지정된 경로를 찾을 수 없습니다. (0x3)
10월 30, 2020 17:47:10.956 [128:16848:1030/174710.955:ERROR:socket_stream.cc(219)] Closing stream with result -2

11월 02, 2020 16:00:55.199 NEW SESSION
11월 02, 2020 16:00:55.199 [8432:13992:1102/160055.197:ERROR:device_event_log_impl.cc(208)] [16:00:55.198] Bluetooth: bluetooth_adapter_winrt.cc:1076 Getting Default Adapter failed.
11월 02, 2020 16:05:04.44 [5796:13884:1102/160504.044:ERROR:device_event_log_impl.cc(208)] [16:05:04.045] Bluetooth: bluetooth_adapter_winrt.cc:1076 Getting Default Adapter failed.
11월 02, 2020 16:06:23.985 [14988:18296:1102/160623.984:ERROR:device_event_log_impl.cc(208)] [16:06:23.984] Bluetooth: bluetooth_adapter_winrt.cc:1076 Getting Default Adapter failed.
11월 02, 2020 16:11:09.786 [7088:5756:1102/161109.786:ERROR:device_event_log_impl.cc(208)] [16:11:09.786] Bluetooth: bluetooth_adapter_winrt.cc:1076 Getting Default Adapter failed.
11월 02, 2020 16:21:06.230 [1102/162106.226:ERROR:directory_reader_win.cc(43)] FindFirstFile: 지정된 경로를 찾을 수 없습니다. (0x3)
11월 02, 2020 17:24:09.212 [9824:2320:1102/172409.212:ERROR:device_event_log_impl.cc(208)] [17:24:09.212] Bluetooth: bluetooth_adapter_winrt.cc:1076 Getting Default Adapter failed.
11월 02, 2020 17:24:39.311 [17532:9424:1102/172439.310:ERROR:device_event_log_impl.cc(208)] [17:24:39.310] Bluetooth: bluetooth_adapter_winrt.cc:1076 Getting Default Adapter failed.
11월 02, 2020 17:46:29.793 [16984:13104:1102/174629.792:ERROR:device_event_log_impl.cc(208)] [17:46:29.792] Bluetooth: bluetooth_adapter_winrt.cc:1076 Getting Default Adapter failed.
11월 02, 2020 17:56:25.223 [1102/175625.219:ERROR:directory_reader_win.cc(43)] FindFirstFile: 지정된 경로를 찾을 수 없습니다. (0x3)

11월 06, 2020 13:45:51.324 NEW SESSION
11월 06, 2020 13:45:51.324 [17076:4060:1106/134551.321:ERROR:device_event_log_impl.cc(208)] [13:45:51.321] Bluetooth: bluetooth_adapter_winrt.cc:1076 Getting Default Adapter failed.
11월 06, 2020 13:45:58.958 [20324:1328:1106/134558.958:ERROR:device_event_log_impl.cc(208)] [13:45:58.958] Bluetooth: bluetooth_adapter_winrt.cc:1076 Getting Default Adapter failed.
11월 06, 2020 13:53:36.727 [4312:17480:1106/135336.727:ERROR:device_event_log_impl.cc(208)] [13:53:36.727] Bluetooth: bluetooth_adapter_winrt.cc:1076 Getting Default Adapter failed.
11월 06, 2020 14:03:28.627 [1106/140328.624:ERROR:directory_reader_win.cc(43)] FindFirstFile: 지정된 경로를 찾을 수 없습니다. (0x3)

11월 09, 2020 16:17:54.240 NEW SESSION
11월 09, 2020 16:17:54.240 [19432:11176:1109/161754.238:ERROR:device_event_log_impl.cc(208)] [16:17:54.239] Bluetooth: bluetooth_adapter_winrt.cc:1076 Getting Default Adapter failed.

11월 10, 2020 09:55:26.666 NEW SESSION
11월 10, 2020 09:55:26.667 [14380:21128:1110/095526.665:ERROR:device_event_log_impl.cc(208)] [09:55:26.664] Bluetooth: bluetooth_adapter_winrt.cc:1076 Getting Default Adapter failed.
11월 10, 2020 10:05:19.259 [1110/100519.258:ERROR:directory_reader_win.cc(43)] FindFirstFile: 지정된 경로를 찾을 수 없습니다. (0x3)
11월 10, 2020 10:20:31.173 [3564:20888:1110/102031.172:ERROR:device_event_log_impl.cc(208)] [10:20:31.172] Bluetooth: bluetooth_adapter_winrt.cc:1076 Getting Default Adapter failed.
11월 10, 2020 10:37:36.627 [10876:11336:1110/103736.627:ERROR:device_event_log_impl.cc(208)] [10:37:36.626] Bluetooth: bluetooth_adapter_winrt.cc:1076 Getting Default Adapter failed.
11월 10, 2020 10:47:25.45 [1110/104725.042:ERROR:directory_reader_win.cc(43)] FindFirstFile: 지정된 경로를 찾을 수 없습니다. (0x3)
11월 10, 2020 10:49:51.346 [21980:19428:1110/104951.345:ERROR:device_event_log_impl.cc(208)] [10:49:51.346] Bluetooth: bluetooth_adapter_winrt.cc:1076 Getting Default Adapter failed.
11월 10, 2020 10:59:48.878 [1110/105948.875:ERROR:directory_reader_win.cc(43)] FindFirstFile: 지정된 경로를 찾을 수 없습니다. (0x3)
11월 10, 2020 11:34:38.88 [17272:20800:1110/113438.088:ERROR:device_event_log_impl.cc(208)] [11:34:38.088] Bluetooth: bluetooth_adapter_winrt.cc:1076 Getting Default Adapter failed.
11월 10, 2020 11:41:36.450 [12468:10704:1110/114136.450:ERROR:device_event_log_impl.cc(208)] [11:41:36.450] Bluetooth: bluetooth_adapter_winrt.cc:1076 Getting Default Adapter failed.
11월 10, 2020 11:51:32.486 [1110/115132.485:ERROR:directory_reader_win.cc(43)] FindFirstFile: 지정된 경로를 찾을 수 없습니다. (0x3)
11월 10, 2020 11:57:55.929 [12836:460:1110/115755.928:ERROR:device_event_log_impl.cc(208)] [11:57:55.929] Bluetooth: bluetooth_adapter_winrt.cc:1076 Getting Default Adapter failed.
11월 10, 2020 12:07:51.100 [1110/120751.097:ERROR:directory_reader_win.cc(43)] FindFirstFile: 지정된 경로를 찾을 수 없습니다. (0x3)
11월 10, 2020 12:13:43.799 [15488:7980:1110/121343.799:ERROR:device_event_log_impl.cc(208)] [12:13:43.799] Bluetooth: bluetooth_adapter_winrt.cc:1076 Getting Default Adapter failed.
11월 10, 2020 12:18:21.91 [20672:11512:1110/121821.091:ERROR:device_event_log_impl.cc(208)] [12:18:21.091] Bluetooth: bluetooth_adapter_winrt.cc:1076 Getting Default Adapter failed.
11월 10, 2020 13:15:17.96 [13324:18924:1110/131517.095:ERROR:device_event_log_impl.cc(208)] [13:15:17.095] Bluetooth: bluetooth_adapter_winrt.cc:1076 Getting Default Adapter failed.
11월 10, 2020 13:51:39.949 [5496:860:1110/135139.948:ERROR:device_event_log_impl.cc(208)] [13:51:39.949] Bluetooth: bluetooth_adapter_winrt.cc:1076 Getting Default Adapter failed.
11월 10, 2020 13:52:11.853 [2972:15260:1110/135211.852:ERROR:device_event_log_impl.cc(208)] [13:52:11.852] Bluetooth: bluetooth_adapter_winrt.cc:1076 Getting Default Adapter failed.
11월 10, 2020 13:52:44.156 [17976:19140:1110/135244.155:ERROR:device_event_log_impl.cc(208)] [13:52:44.155] Bluetooth: bluetooth_adapter_winrt.cc:1076 Getting Default Adapter failed.
11월 10, 2020 13:53:29.729 [17496:9020:1110/135329.729:ERROR:device_event_log_impl.cc(208)] [13:53:29.729] Bluetooth: bluetooth_adapter_winrt.cc:1076 Getting Default Adapter failed.
11월 10, 2020 13:54:13.99 [21864:22112:1110/135413.099:ERROR:device_event_log_impl.cc(208)] [13:54:13.099] Bluetooth: bluetooth_adapter_winrt.cc:1076 Getting Default Adapter failed.
11월 10, 2020 13:58:34.177 [11068:10924:1110/135834.177:ERROR:device_event_log_impl.cc(208)] [13:58:34.176] Bluetooth: bluetooth_adapter_winrt.cc:1076 Getting Default Adapter failed.
11월 10, 2020 14:08:23.307 [1110/140823.306:ERROR:directory_reader_win.cc(43)] FindFirstFile: 지정된 경로를 찾을 수 없습니다. (0x3)
11월 10, 2020 14:43:37.255 [17960:16040:1110/144337.255:ERROR:device_event_log_impl.cc(208)] [14:43:37.255] Bluetooth: bluetooth_adapter_winrt.cc:1076 Getting Default Adapter failed.
11월 10, 2020 14:44:21.746 [21256:1848:1110/144421.746:ERROR:device_event_log_impl.cc(208)] [14:44:21.746] Bluetooth: bluetooth_adapter_winrt.cc:1076 Getting Default Adapter failed.
11월 10, 2020 15:13:00.928 [20604:9756:1110/151300.928:ERROR:device_event_log_impl.cc(208)] [15:13:00.928] Bluetooth: bluetooth_adapter_winrt.cc:1076 Getting Default Adapter failed.
11월 10, 2020 15:19:14.606 [14224:10364:1110/151914.606:ERROR:device_event_log_impl.cc(208)] [15:19:14.606] Bluetooth: bluetooth_adapter_winrt.cc:1076 Getting Default Adapter failed.
11월 10, 2020 15:20:56.663 [16864:12248:1110/152056.662:ERROR:device_event_log_impl.cc(208)] [15:20:56.662] Bluetooth: bluetooth_adapter_winrt.cc:1076 Getting Default Adapter failed.
11월 10, 2020 16:25:46.514 [13904:9804:1110/162546.514:ERROR:device_event_log_impl.cc(208)] [16:25:46.514] Bluetooth: bluetooth_adapter_winrt.cc:1076 Getting Default Adapter failed.
11월 10, 2020 16:35:36.593 [1110/163536.592:ERROR:directory_reader_win.cc(43)] FindFirstFile: 지정된 경로를 찾을 수 없습니다. (0x3)
11월 10, 2020 16:52:31.844 [17012:7784:1110/165231.844:ERROR:device_event_log_impl.cc(208)] [16:52:31.843] Bluetooth: bluetooth_adapter_winrt.cc:1076 Getting Default Adapter failed.
11월 10, 2020 16:57:36.536 [9260:10504:1110/165736.535:ERROR:device_event_log_impl.cc(208)] [16:57:36.535] Bluetooth: bluetooth_adapter_winrt.cc:1076 Getting Default Adapter failed.
11월 10, 2020 17:01:06.55 [19340:20308:1110/170106.054:ERROR:device_event_log_impl.cc(208)] [17:01:06.054] Bluetooth: bluetooth_adapter_winrt.cc:1076 Getting Default Adapter failed.
11월 10, 2020 17:04:00.643 [21592:13476:1110/170400.643:ERROR:device_event_log_impl.cc(208)] [17:04:00.643] Bluetooth: bluetooth_adapter_winrt.cc:1076 Getting Default Adapter failed.
11월 10, 2020 17:04:56.434 [18184:4720:1110/170456.434:ERROR:device_event_log_impl.cc(208)] [17:04:56.434] Bluetooth: bluetooth_adapter_winrt.cc:1076 Getting Default Adapter failed.
11월 10, 2020 17:07:42.239 [20224:18740:1110/170742.238:ERROR:device_event_log_impl.cc(208)] [17:07:42.238] Bluetooth: bluetooth_adapter_winrt.cc:1076 Getting Default Adapter failed.
11월 10, 2020 17:09:36.547 [8088:21372:1110/170936.547:ERROR:device_event_log_impl.cc(208)] [17:09:36.547] Bluetooth: bluetooth_adapter_winrt.cc:1076 Getting Default Adapter failed.
11월 10, 2020 17:11:03.364 [19880:14668:1110/171103.364:ERROR:device_event_log_impl.cc(208)] [17:11:03.365] Bluetooth: bluetooth_adapter_winrt.cc:1076 Getting Default Adapter failed.
11월 10, 2020 17:15:58.229 [2024:19580:1110/171558.229:ERROR:device_event_log_impl.cc(208)] [17:15:58.228] Bluetooth: bluetooth_adapter_winrt.cc:1076 Getting Default Adapter failed.
11월 10, 2020 17:18:41.919 [15400:19200:1110/171841.919:ERROR:device_event_log_impl.cc(208)] [17:18:41.918] Bluetooth: bluetooth_adapter_winrt.cc:1076 Getting Default Adapter failed.

11월 11, 2020 09:28:21.595 NEW SESSION
11월 11, 2020 09:28:21.595 [2560:22740:1111/092821.593:ERROR:device_event_log_impl.cc(208)] [09:28:21.594] Bluetooth: bluetooth_adapter_winrt.cc:1076 Getting Default Adapter failed.
11월 11, 2020 09:50:42.98 [10208:1464:1111/095042.098:ERROR:device_event_log_impl.cc(208)] [09:50:42.098] Bluetooth: bluetooth_adapter_winrt.cc:1076 Getting Default Adapter failed.
11월 11, 2020 09:58:36.283 [19668:16460:1111/095836.282:ERROR:device_event_log_impl.cc(208)] [09:58:36.282] Bluetooth: bluetooth_adapter_winrt.cc:1076 Getting Default Adapter failed.
11월 11, 2020 10:00:24.561 [17116:22644:1111/100024.561:ERROR:device_event_log_impl.cc(208)] [10:00:24.561] Bluetooth: bluetooth_adapter_winrt.cc:1076 Getting Default Adapter failed.
11월 11, 2020 10:03:15.949 [22284:18592:1111/100315.949:ERROR:device_event_log_impl.cc(208)] [10:03:15.949] Bluetooth: bluetooth_adapter_winrt.cc:1076 Getting Default Adapter failed.
11월 11, 2020 10:04:38.704 [4376:10620:1111/100438.704:ERROR:device_event_log_impl.cc(208)] [10:04:38.704] Bluetooth: bluetooth_adapter_winrt.cc:1076 Getting Default Adapter failed.
11월 11, 2020 10:05:58.851 [23236:22192:1111/100558.851:ERROR:device_event_log_impl.cc(208)] [10:05:58.850] Bluetooth: bluetooth_adapter_winrt.cc:1076 Getting Default Adapter failed.
11월 11, 2020 10:08:27.767 [14960:6840:1111/100827.766:ERROR:device_event_log_impl.cc(208)] [10:08:27.766] Bluetooth: bluetooth_adapter_winrt.cc:1076 Getting Default Adapter failed.
11월 11, 2020 10:21:54.451 [4056:16308:1111/102154.450:ERROR:device_event_log_impl.cc(208)] [10:21:54.450] Bluetooth: bluetooth_adapter_winrt.cc:1076 Getting Default Adapter failed.
11월 11, 2020 10:27:34.327 [23456:3856:1111/102734.326:ERROR:device_event_log_impl.cc(208)] [10:27:34.327] Bluetooth: bluetooth_adapter_winrt.cc:1076 Getting Default Adapter failed.
11월 11, 2020 10:29:16.92 [13968:9364:1111/102916.092:ERROR:device_event_log_impl.cc(208)] [10:29:16.092] Bluetooth: bluetooth_adapter_winrt.cc:1076 Getting Default Adapter failed.
11월 11, 2020 10:29:40.756 [4548:21336:1111/102940.756:ERROR:device_event_log_impl.cc(208)] [10:29:40.756] Bluetooth: bluetooth_adapter_winrt.cc:1076 Getting Default Adapter failed.
11월 11, 2020 10:31:28.998 [2688:14392:1111/103128.998:ERROR:device_event_log_impl.cc(208)] [10:31:28.998] Bluetooth: bluetooth_adapter_winrt.cc:1076 Getting Default Adapter failed.
11월 11, 2020 10:32:10.412 [2236:21320:1111/103210.411:ERROR:device_event_log_impl.cc(208)] [10:32:10.412] Bluetooth: bluetooth_adapter_winrt.cc:1076 Getting Default Adapter failed.
11월 11, 2020 10:42:03.947 [1111/104203.942:ERROR:directory_reader_win.cc(43)] FindFirstFile: 지정된 경로를 찾을 수 없습니다. (0x3)
11월 11, 2020 11:06:58.84 [18840:2216:1111/110658.084:ERROR:device_event_log_impl.cc(208)] [11:06:58.084] Bluetooth: bluetooth_adapter_winrt.cc:1076 Getting Default Adapter failed.
11월 11, 2020 11:13:11.771 [1056:17552:1111/111311.771:ERROR:device_event_log_impl.cc(208)] [11:13:11.770] Bluetooth: bluetooth_adapter_winrt.cc:1076 Getting Default Adapter failed.
11월 11, 2020 11:50:55.862 [8884:14936:1111/115055.862:ERROR:device_event_log_impl.cc(208)] [11:50:55.862] Bluetooth: bluetooth_adapter_winrt.cc:1076 Getting Default Adapter failed.
11월 11, 2020 12:16:44.244 [19436:2216:1111/121644.244:ERROR:device_event_log_impl.cc(208)] [12:16:44.244] Bluetooth: bluetooth_adapter_winrt.cc:1076 Getting Default Adapter failed.
11월 11, 2020 12:18:10.358 [21960:21168:1111/121810.358:ERROR:device_event_log_impl.cc(208)] [12:18:10.358] Bluetooth: bluetooth_adapter_winrt.cc:1076 Getting Default Adapter failed.
11월 11, 2020 12:26:16.364 [14884:16120:1111/122616.364:ERROR:device_event_log_impl.cc(208)] [12:26:16.364] Bluetooth: bluetooth_adapter_winrt.cc:1076 Getting Default Adapter failed.
11월 11, 2020 12:36:07.638 [1111/123607.637:ERROR:directory_reader_win.cc(43)] FindFirstFile: 지정된 경로를 찾을 수 없습니다. (0x3)
11월 11, 2020 12:57:34.931 [14884:21208:1111/125734.930:ERROR:socket_stream.cc(219)] Closing stream with result -2
11월 11, 2020 13:31:24.208 [21240:24280:1111/133124.207:ERROR:device_event_log_impl.cc(208)] [13:31:24.207] Bluetooth: bluetooth_adapter_winrt.cc:1076 Getting Default Adapter failed.
11월 11, 2020 13:32:51.945 [12128:15448:1111/133251.945:ERROR:device_event_log_impl.cc(208)] [13:32:51.945] Bluetooth: bluetooth_adapter_winrt.cc:1076 Getting Default Adapter failed.
11월 11, 2020 14:00:00.460 [16392:23420:1111/140000.460:ERROR:device_event_log_impl.cc(208)] [14:00:00.459] Bluetooth: bluetooth_adapter_winrt.cc:1076 Getting Default Adapter failed.
11월 11, 2020 14:02:56.553 [23136:2480:1111/140256.553:ERROR:device_event_log_impl.cc(208)] [14:02:56.552] Bluetooth: bluetooth_adapter_winrt.cc:1076 Getting Default Adapter failed.
11월 11, 2020 14:03:27.421 [4056:20180:1111/140327.420:ERROR:device_event_log_impl.cc(208)] [14:03:27.420] Bluetooth: bluetooth_adapter_winrt.cc:1076 Getting Default Adapter failed.
11월 11, 2020 14:08:57.431 [15880:19832:1111/140857.431:ERROR:device_event_log_impl.cc(208)] [14:08:57.431] Bluetooth: bluetooth_adapter_winrt.cc:1076 Getting Default Adapter failed.
11월 11, 2020 14:18:47.541 [1111/141847.538:ERROR:directory_reader_win.cc(43)] FindFirstFile: 지정된 경로를 찾을 수 없습니다. (0x3)
11월 11, 2020 14:27:24.19 [21160:24412:1111/142724.019:ERROR:device_event_log_impl.cc(208)] [14:27:24.019] Bluetooth: bluetooth_adapter_winrt.cc:1076 Getting Default Adapter failed.
11월 11, 2020 14:37:15.565 [1111/143715.562:ERROR:directory_reader_win.cc(43)] FindFirstFile: 지정된 경로를 찾을 수 없습니다. (0x3)
11월 11, 2020 14:41:16.469 [21660:19652:1111/144116.468:ERROR:device_event_log_impl.cc(208)] [14:41:16.468] Bluetooth: bluetooth_adapter_winrt.cc:1076 Getting Default Adapter failed.
11월 11, 2020 14:51:12.971 [1111/145112.968:ERROR:directory_reader_win.cc(43)] FindFirstFile: 지정된 경로를 찾을 수 없습니다. (0x3)
11월 11, 2020 15:37:21.550 [1120:4596:1111/153721.550:ERROR:device_event_log_impl.cc(208)] [15:37:21.550] Bluetooth: bluetooth_adapter_winrt.cc:1076 Getting Default Adapter failed.
11월 11, 2020 15:50:02.477 [22312:10888:1111/155002.477:ERROR:device_event_log_impl.cc(208)] [15:50:02.476] Bluetooth: bluetooth_adapter_winrt.cc:1076 Getting Default Adapter failed.
11월 11, 2020 15:57:32.837 [12924:15836:1111/155732.837:ERROR:device_event_log_impl.cc(208)] [15:57:32.837] Bluetooth: bluetooth_adapter_winrt.cc:1076 Getting Default Adapter failed.
11월 11, 2020 15:59:15.293 [23668:21636:1111/155915.292:ERROR:device_event_log_impl.cc(208)] [15:59:15.293] Bluetooth: bluetooth_adapter_winrt.cc:1076 Getting Default Adapter failed.
11월 11, 2020 16:27:23.916 [6964:8104:1111/162723.915:ERROR:device_event_log_impl.cc(208)] [16:27:23.915] Bluetooth: bluetooth_adapter_winrt.cc:1076 Getting Default Adapter failed.
11월 11, 2020 16:37:18.432 [1111/163718.429:ERROR:directory_reader_win.cc(43)] FindFirstFile: 지정된 경로를 찾을 수 없습니다. (0x3)
11월 11, 2020 16:41:00.969 [12784:12248:1111/164100.968:ERROR:device_event_log_impl.cc(208)] [16:41:00.968] Bluetooth: bluetooth_adapter_winrt.cc:1076 Getting Default Adapter failed.
11월 11, 2020 16:50:50.499 [1111/165050.496:ERROR:directory_reader_win.cc(43)] FindFirstFile: 지정된 경로를 찾을 수 없습니다. (0x3)
11월 11, 2020 17:03:18.477 [10920:1148:1111/170318.477:ERROR:device_event_log_impl.cc(208)] [17:03:18.477] Bluetooth: bluetooth_adapter_winrt.cc:1076 Getting Default Adapter failed.
11월 11, 2020 17:21:36.91 [21316:5108:1111/172136.090:ERROR:device_event_log_impl.cc(208)] [17:21:36.090] Bluetooth: bluetooth_adapter_winrt.cc:1076 Getting Default Adapter failed.
11월 11, 2020 17:31:32.706 [1111/173132.703:ERROR:directory_reader_win.cc(43)] FindFirstFile: 지정된 경로를 찾을 수 없습니다. (0x3)
11월 11, 2020 17:38:27.211 [20992:13724:1111/173827.210:ERROR:device_event_log_impl.cc(208)] [17:38:27.210] Bluetooth: bluetooth_adapter_winrt.cc:1076 Getting Default Adapter failed.
11월 11, 2020 17:48:22.737 [1111/174822.733:ERROR:directory_reader_win.cc(43)] FindFirstFile: 지정된 경로를 찾을 수 없습니다. (0x3)
11월 11, 2020 17:51:34.623 [8876:22304:1111/175134.623:ERROR:device_event_log_impl.cc(208)] [17:51:34.622] Bluetooth: bluetooth_adapter_winrt.cc:1076 Getting Default Adapter failed.

11월 12, 2020 09:44:40.766 NEW SESSION
11월 12, 2020 09:44:40.766 [22856:8340:1112/094440.765:ERROR:device_event_log_impl.cc(208)] [09:44:40.766] Bluetooth: bluetooth_adapter_winrt.cc:1076 Getting Default Adapter failed.
11월 12, 2020 09:54:40.948 [8384:6416:1112/095440.948:ERROR:device_event_log_impl.cc(208)] [09:54:40.947] Bluetooth: bluetooth_adapter_winrt.cc:1076 Getting Default Adapter failed.
11월 12, 2020 09:58:48.61 [2136:13688:1112/095848.061:ERROR:device_event_log_impl.cc(208)] [09:58:48.061] Bluetooth: bluetooth_adapter_winrt.cc:1076 Getting Default Adapter failed.
11월 12, 2020 09:59:05.137 [14756:11396:1112/095905.137:ERROR:device_event_log_impl.cc(208)] [09:59:05.137] Bluetooth: bluetooth_adapter_winrt.cc:1076 Getting Default Adapter failed.
11월 12, 2020 09:59:13.17 [23180:19640:1112/095913.017:ERROR:device_event_log_impl.cc(208)] [09:59:13.016] Bluetooth: bluetooth_adapter_winrt.cc:1076 Getting Default Adapter failed.
11월 12, 2020 09:59:16.720 [22460:16380:1112/095916.720:ERROR:device_event_log_impl.cc(208)] [09:59:16.720] Bluetooth: bluetooth_adapter_winrt.cc:1076 Getting Default Adapter failed.
11월 12, 2020 09:59:58.87 [1384:24300:1112/095958.087:ERROR:device_event_log_impl.cc(208)] [09:59:58.087] Bluetooth: bluetooth_adapter_winrt.cc:1076 Getting Default Adapter failed.
11월 12, 2020 10:09:50.513 [1112/100950.511:ERROR:directory_reader_win.cc(43)] FindFirstFile: 지정된 경로를 찾을 수 없습니다. (0x3)
11월 12, 2020 10:18:14.499 [18124:1544:1112/101814.498:ERROR:device_event_log_impl.cc(208)] [10:18:14.499] Bluetooth: bluetooth_adapter_winrt.cc:1076 Getting Default Adapter failed.
11월 12, 2020 10:21:41.112 [18524:20840:1112/102141.111:ERROR:device_event_log_impl.cc(208)] [10:21:41.112] Bluetooth: bluetooth_adapter_winrt.cc:1076 Getting Default Adapter failed.
11월 12, 2020 10:22:48.180 [576:9428:1112/102248.179:ERROR:device_event_log_impl.cc(208)] [10:22:48.180] Bluetooth: bluetooth_adapter_winrt.cc:1076 Getting Default Adapter failed.
11월 12, 2020 10:24:46.422 [18608:15444:1112/102446.422:ERROR:device_event_log_impl.cc(208)] [10:24:46.421] Bluetooth: bluetooth_adapter_winrt.cc:1076 Getting Default Adapter failed.
11월 12, 2020 10:27:04.431 [23804:22840:1112/102704.430:ERROR:device_event_log_impl.cc(208)] [10:27:04.430] Bluetooth: bluetooth_adapter_winrt.cc:1076 Getting Default Adapter failed.
11월 12, 2020 10:27:40.735 [8692:20832:1112/102740.735:ERROR:device_event_log_impl.cc(208)] [10:27:40.735] Bluetooth: bluetooth_adapter_winrt.cc:1076 Getting Default Adapter failed.
11월 12, 2020 10:37:37.297 [1112/103737.296:ERROR:directory_reader_win.cc(43)] FindFirstFile: 지정된 경로를 찾을 수 없습니다. (0x3)
11월 12, 2020 10:42:46.699 [10264:22556:1112/104246.698:ERROR:device_event_log_impl.cc(208)] [10:42:46.698] Bluetooth: bluetooth_adapter_winrt.cc:1076 Getting Default Adapter failed.
11월 12, 2020 10:44:45.507 [16188:18492:1112/104445.506:ERROR:device_event_log_impl.cc(208)] [10:44:45.507] Bluetooth: bluetooth_adapter_winrt.cc:1076 Getting Default Adapter failed.
11월 12, 2020 10:46:44.288 [5988:21456:1112/104644.287:ERROR:device_event_log_impl.cc(208)] [10:46:44.288] Bluetooth: bluetooth_adapter_winrt.cc:1076 Getting Default Adapter failed.
11월 12, 2020 10:47:21.101 [15008:24460:1112/104721.100:ERROR:device_event_log_impl.cc(208)] [10:47:21.101] Bluetooth: bluetooth_adapter_winrt.cc:1076 Getting Default Adapter failed.
11월 12, 2020 10:48:46.264 [17836:23400:1112/104846.263:ERROR:device_event_log_impl.cc(208)] [10:48:46.263] Bluetooth: bluetooth_adapter_winrt.cc:1076 Getting Default Adapter failed.
11월 12, 2020 10:49:01.355 [24536:140:1112/104901.355:ERROR:device_event_log_impl.cc(208)] [10:49:01.355] Bluetooth: bluetooth_adapter_winrt.cc:1076 Getting Default Adapter failed.
11월 12, 2020 10:54:00.822 [20568:17276:1112/105400.822:ERROR:device_event_log_impl.cc(208)] [10:54:00.822] Bluetooth: bluetooth_adapter_winrt.cc:1076 Getting Default Adapter failed.
11월 12, 2020 10:59:59.904 [19540:15752:1112/105959.904:ERROR:device_event_log_impl.cc(208)] [10:59:59.903] Bluetooth: bluetooth_adapter_winrt.cc:1076 Getting Default Adapter failed.
11월 12, 2020 11:01:51.945 [16080:22152:1112/110151.945:ERROR:device_event_log_impl.cc(208)] [11:01:51.944] Bluetooth: bluetooth_adapter_winrt.cc:1076 Getting Default Adapter failed.
11월 12, 2020 11:43:40.506 [20252:13016:1112/114340.506:ERROR:device_event_log_impl.cc(208)] [11:43:40.506] Bluetooth: bluetooth_adapter_winrt.cc:1076 Getting Default Adapter failed.
11월 12, 2020 11:44:49.939 [19512:3160:1112/114449.939:ERROR:device_event_log_impl.cc(208)] [11:44:49.939] Bluetooth: bluetooth_adapter_winrt.cc:1076 Getting Default Adapter failed.
11월 12, 2020 11:49:48.594 [13644:23392:1112/114948.594:ERROR:device_event_log_impl.cc(208)] [11:49:48.594] Bluetooth: bluetooth_adapter_winrt.cc:1076 Getting Default Adapter failed.
11월 12, 2020 11:50:43.133 [11476:19036:1112/115043.133:ERROR:device_event_log_impl.cc(208)] [11:50:43.133] Bluetooth: bluetooth_adapter_winrt.cc:1076 Getting Default Adapter failed.
11월 12, 2020 12:00:40.668 [1112/120040.667:ERROR:directory_reader_win.cc(43)] FindFirstFile: 지정된 경로를 찾을 수 없습니다. (0x3)
11월 12, 2020 12:05:09.823 [20160:16200:1112/120509.823:ERROR:device_event_log_impl.cc(208)] [12:05:09.823] Bluetooth: bluetooth_adapter_winrt.cc:1076 Getting Default Adapter failed.
11월 12, 2020 12:06:04.602 [4764:19244:1112/120604.602:ERROR:device_event_log_impl.cc(208)] [12:06:04.602] Bluetooth: bluetooth_adapter_winrt.cc:1076 Getting Default Adapter failed.
11월 12, 2020 12:06:34.867 [21960:21380:1112/120634.867:ERROR:device_event_log_impl.cc(208)] [12:06:34.867] Bluetooth: bluetooth_adapter_winrt.cc:1076 Getting Default Adapter failed.
11월 12, 2020 12:09:18.217 [15468:9060:1112/120918.217:ERROR:device_event_log_impl.cc(208)] [12:09:18.217] Bluetooth: bluetooth_adapter_winrt.cc:1076 Getting Default Adapter failed.
11월 12, 2020 13:26:30.120 [21068:17152:1112/132630.119:ERROR:device_event_log_impl.cc(208)] [13:26:30.120] Bluetooth: bluetooth_adapter_winrt.cc:1076 Getting Default Adapter failed.
11월 12, 2020 13:38:13.837 [14832:19740:1112/133813.836:ERROR:device_event_log_impl.cc(208)] [13:38:13.837] Bluetooth: bluetooth_adapter_winrt.cc:1076 Getting Default Adapter failed.
11월 12, 2020 13:45:22.646 [22992:20748:1112/134522.646:ERROR:device_event_log_impl.cc(208)] [13:45:22.647] Bluetooth: bluetooth_adapter_winrt.cc:1076 Getting Default Adapter failed.
11월 12, 2020 13:47:58.344 [19656:16156:1112/134758.344:ERROR:device_event_log_impl.cc(208)] [13:47:58.344] Bluetooth: bluetooth_adapter_winrt.cc:1076 Getting Default Adapter failed.
11월 12, 2020 13:48:42.234 [15012:23636:1112/134842.234:ERROR:device_event_log_impl.cc(208)] [13:48:42.234] Bluetooth: bluetooth_adapter_winrt.cc:1076 Getting Default Adapter failed.
11월 12, 2020 14:03:47.759 [21096:18908:1112/140347.759:ERROR:device_event_log_impl.cc(208)] [14:03:47.759] Bluetooth: bluetooth_adapter_winrt.cc:1076 Getting Default Adapter failed.
11월 12, 2020 14:04:17.223 [1608:13504:1112/140417.222:ERROR:device_event_log_impl.cc(208)] [14:04:17.223] Bluetooth: bluetooth_adapter_winrt.cc:1076 Getting Default Adapter failed.
11월 12, 2020 14:15:17.704 [13440:3660:1112/141517.704:ERROR:device_event_log_impl.cc(208)] [14:15:17.704] Bluetooth: bluetooth_adapter_winrt.cc:1076 Getting Default Adapter failed.
11월 12, 2020 14:16:21.183 [20412:18492:1112/141621.182:ERROR:device_event_log_impl.cc(208)] [14:16:21.182] Bluetooth: bluetooth_adapter_winrt.cc:1076 Getting Default Adapter failed.
11월 12, 2020 14:19:39.879 [12648:13652:1112/141939.879:ERROR:device_event_log_impl.cc(208)] [14:19:39.878] Bluetooth: bluetooth_adapter_winrt.cc:1076 Getting Default Adapter failed.
11월 12, 2020 14:23:30.858 [6848:4240:1112/142330.858:ERROR:device_event_log_impl.cc(208)] [14:23:30.858] Bluetooth: bluetooth_adapter_winrt.cc:1076 Getting Default Adapter failed.
11월 12, 2020 14:43:57.249 [20172:24464:1112/144357.249:ERROR:device_event_log_impl.cc(208)] [14:43:57.248] Bluetooth: bluetooth_adapter_winrt.cc:1076 Getting Default Adapter failed.
11월 12, 2020 14:53:52.668 [1112/145352.665:ERROR:directory_reader_win.cc(43)] FindFirstFile: 지정된 경로를 찾을 수 없습니다. (0x3)
11월 12, 2020 15:11:30.883 [24552:20004:1112/151130.882:ERROR:device_event_log_impl.cc(208)] [15:11:30.882] Bluetooth: bluetooth_adapter_winrt.cc:1076 Getting Default Adapter failed.
11월 12, 2020 15:22:40.982 [23600:23804:1112/152240.981:ERROR:device_event_log_impl.cc(208)] [15:22:40.981] Bluetooth: bluetooth_adapter_winrt.cc:1076 Getting Default Adapter failed.
11월 12, 2020 15:24:24.848 [24528:14660:1112/152424.848:ERROR:device_event_log_impl.cc(208)] [15:24:24.848] Bluetooth: bluetooth_adapter_winrt.cc:1076 Getting Default Adapter failed.
11월 12, 2020 15:34:22.361 [1112/153422.358:ERROR:directory_reader_win.cc(43)] FindFirstFile: 지정된 경로를 찾을 수 없습니다. (0x3)
11월 12, 2020 15:51:24.144 [9616:21404:1112/155124.144:ERROR:device_event_log_impl.cc(208)] [15:51:24.144] Bluetooth: bluetooth_adapter_winrt.cc:1076 Getting Default Adapter failed.
11월 12, 2020 15:51:43.247 [18112:4764:1112/155143.247:ERROR:device_event_log_impl.cc(208)] [15:51:43.246] Bluetooth: bluetooth_adapter_winrt.cc:1076 Getting Default Adapter failed.
11월 12, 2020 15:57:17.566 [13088:1588:1112/155717.566:ERROR:device_event_log_impl.cc(208)] [15:57:17.566] Bluetooth: bluetooth_adapter_winrt.cc:1076 Getting Default Adapter failed.
11월 12, 2020 15:57:48.282 [23664:17832:1112/155748.282:ERROR:device_event_log_impl.cc(208)] [15:57:48.282] Bluetooth: bluetooth_adapter_winrt.cc:1076 Getting Default Adapter failed.
11월 12, 2020 16:20:18.178 [19476:5892:1112/162018.178:ERROR:device_event_log_impl.cc(208)] [16:20:18.178] Bluetooth: bluetooth_adapter_winrt.cc:1076 Getting Default Adapter failed.
11월 12, 2020 16:30:10.740 [1112/163010.739:ERROR:directory_reader_win.cc(43)] FindFirstFile: 지정된 경로를 찾을 수 없습니다. (0x3)
11월 12, 2020 17:13:29.554 [19476:6984:1112/171329.554:ERROR:socket_stream.cc(219)] Closing stream with result -2
11월 12, 2020 17:24:40.90 [19476:6984:1112/172440.089:ERROR:connection_factory_impl.cc(428)] Failed to connect to MCS endpoint with error -105
11월 12, 2020 18:00:57.149 [25352:3660:1112/180057.149:ERROR:device_event_log_impl.cc(208)] [18:00:57.149] Bluetooth: bluetooth_adapter_winrt.cc:1076 Getting Default Adapter failed.
11월 12, 2020 18:03:50.655 [3324:22976:1112/180350.654:ERROR:device_event_log_impl.cc(208)] [18:03:50.654] Bluetooth: bluetooth_adapter_winrt.cc:1076 Getting Default Adapter failed.
11월 12, 2020 18:12:11.147 [14044:484:1112/181211.147:ERROR:device_event_log_impl.cc(208)] [18:12:11.147] Bluetooth: bluetooth_adapter_winrt.cc:1076 Getting Default Adapter failed.

11월 13, 2020 10:02:04.765 NEW SESSION
11월 13, 2020 10:02:04.765 [5552:8396:1113/100204.763:ERROR:device_event_log_impl.cc(208)] [10:02:04.763] Bluetooth: bluetooth_adapter_winrt.cc:1076 Getting Default Adapter failed.
11월 13, 2020 10:08:25.477 [12660:13152:1113/100825.477:ERROR:device_event_log_impl.cc(208)] [10:08:25.476] Bluetooth: bluetooth_adapter_winrt.cc:1076 Getting Default Adapter failed.
11월 13, 2020 10:11:27.313 [8252:3364:1113/101127.313:ERROR:device_event_log_impl.cc(208)] [10:11:27.312] Bluetooth: bluetooth_adapter_winrt.cc:1076 Getting Default Adapter failed.
11월 13, 2020 10:13:49.213 [2896:3032:1113/101349.213:ERROR:device_event_log_impl.cc(208)] [10:13:49.213] Bluetooth: bluetooth_adapter_winrt.cc:1076 Getting Default Adapter failed.
11월 13, 2020 10:14:15.895 [3488:10856:1113/101415.895:ERROR:device_event_log_impl.cc(208)] [10:14:15.895] Bluetooth: bluetooth_adapter_winrt.cc:1076 Getting Default Adapter failed.
11월 13, 2020 10:24:05.222 [1113/102405.219:ERROR:directory_reader_win.cc(43)] FindFirstFile: 지정된 경로를 찾을 수 없습니다. (0x3)
11월 13, 2020 10:55:42.239 [1720:12608:1113/105542.238:ERROR:device_event_log_impl.cc(208)] [10:55:42.238] Bluetooth: bluetooth_adapter_winrt.cc:1076 Getting Default Adapter failed.
11월 13, 2020 11:12:55.962 [10256:2300:1113/111255.961:ERROR:device_event_log_impl.cc(208)] [11:12:55.961] Bluetooth: bluetooth_adapter_winrt.cc:1076 Getting Default Adapter failed.
11월 13, 2020 11:22:45.363 [1113/112245.362:ERROR:directory_reader_win.cc(43)] FindFirstFile: 지정된 경로를 찾을 수 없습니다. (0x3)
11월 13, 2020 11:43:05.67 [8660:5984:1113/114305.066:ERROR:device_event_log_impl.cc(208)] [11:43:05.067] Bluetooth: bluetooth_adapter_winrt.cc:1076 Getting Default Adapter failed.
11월 13, 2020 11:45:08.604 [12920:13316:1113/114508.604:ERROR:device_event_log_impl.cc(208)] [11:45:08.604] Bluetooth: bluetooth_adapter_winrt.cc:1076 Getting Default Adapter failed.
11월 13, 2020 11:57:22.586 [12100:3660:1113/115722.586:ERROR:device_event_log_impl.cc(208)] [11:57:22.586] Bluetooth: bluetooth_adapter_winrt.cc:1076 Getting Default Adapter failed.
11월 13, 2020 12:07:17.51 [1113/120717.048:ERROR:directory_reader_win.cc(43)] FindFirstFile: 지정된 경로를 찾을 수 없습니다. (0x3)
11월 13, 2020 12:49:08.796 [12100:2588:1113/124908.795:ERROR:socket_stream.cc(219)] Closing stream with result -2
11월 13, 2020 13:22:54.437 [12100:2588:1113/132254.436:ERROR:socket_stream.cc(219)] Closing stream with result -2
11월 13, 2020 13:37:05.733 [17340:2000:1113/133705.732:ERROR:device_event_log_impl.cc(208)] [13:37:05.733] Bluetooth: bluetooth_adapter_winrt.cc:1076 Getting Default Adapter failed.
11월 13, 2020 14:09:06.57 [16520:16496:1113/140906.056:ERROR:device_event_log_impl.cc(208)] [14:09:06.056] Bluetooth: bluetooth_adapter_winrt.cc:1076 Getting Default Adapter failed.
11월 13, 2020 14:23:38.627 [15644:3624:1113/142338.627:ERROR:device_event_log_impl.cc(208)] [14:23:38.627] Bluetooth: bluetooth_adapter_winrt.cc:1076 Getting Default Adapter failed.
11월 13, 2020 14:38:43.248 [12652:15824:1113/143843.248:ERROR:device_event_log_impl.cc(208)] [14:38:43.247] Bluetooth: bluetooth_adapter_winrt.cc:1076 Getting Default Adapter failed.
11월 13, 2020 15:25:22.620 [17272:15592:1113/152522.620:ERROR:device_event_log_impl.cc(208)] [15:25:22.620] Bluetooth: bluetooth_adapter_winrt.cc:1076 Getting Default Adapter failed.
11월 13, 2020 15:28:26.110 [216:15416:1113/152826.109:ERROR:device_event_log_impl.cc(208)] [15:28:26.109] Bluetooth: bluetooth_adapter_winrt.cc:1076 Getting Default Adapter failed.
11월 13, 2020 15:29:01.492 [16372:15924:1113/152901.492:ERROR:device_event_log_impl.cc(208)] [15:29:01.493] Bluetooth: bluetooth_adapter_winrt.cc:1076 Getting Default Adapter failed.
11월 13, 2020 15:29:30.679 [16024:15560:1113/152930.679:ERROR:device_event_log_impl.cc(208)] [15:29:30.679] Bluetooth: bluetooth_adapter_winrt.cc:1076 Getting Default Adapter failed.
11월 13, 2020 15:29:56.382 [5468:15688:1113/152956.381:ERROR:device_event_log_impl.cc(208)] [15:29:56.381] Bluetooth: bluetooth_adapter_winrt.cc:1076 Getting Default Adapter failed.
11월 13, 2020 15:36:36.798 [8672:15644:1113/153636.797:ERROR:device_event_log_impl.cc(208)] [15:36:36.797] Bluetooth: bluetooth_adapter_winrt.cc:1076 Getting Default Adapter failed.
11월 13, 2020 15:45:18.897 [14972:15028:1113/154518.896:ERROR:device_event_log_impl.cc(208)] [15:45:18.897] Bluetooth: bluetooth_adapter_winrt.cc:1076 Getting Default Adapter failed.
11월 13, 2020 15:55:06.702 [13188:8552:1113/155506.701:ERROR:device_event_log_impl.cc(208)] [15:55:06.701] Bluetooth: bluetooth_adapter_winrt.cc:1076 Getting Default Adapter failed.
11월 13, 2020 16:04:21.219 [2616:7992:1113/160421.219:ERROR:device_event_log_impl.cc(208)] [16:04:21.218] Bluetooth: bluetooth_adapter_winrt.cc:1076 Getting Default Adapter failed.
11월 13, 2020 16:06:23.172 [16168:2524:1113/160623.171:ERROR:device_event_log_impl.cc(208)] [16:06:23.171] Bluetooth: bluetooth_adapter_winrt.cc:1076 Getting Default Adapter failed.
11월 13, 2020 16:07:00.256 [15304:11336:1113/160700.256:ERROR:device_event_log_impl.cc(208)] [16:07:00.255] Bluetooth: bluetooth_adapter_winrt.cc:1076 Getting Default Adapter failed.
11월 13, 2020 16:14:02.719 [12892:11376:1113/161402.719:ERROR:device_event_log_impl.cc(208)] [16:14:02.719] Bluetooth: bluetooth_adapter_winrt.cc:1076 Getting Default Adapter failed.
11월 13, 2020 16:23:52.130 [1113/162352.127:ERROR:directory_reader_win.cc(43)] FindFirstFile: 지정된 경로를 찾을 수 없습니다. (0x3)
11월 13, 2020 16:30:39.413 [6688:16024:1113/163039.413:ERROR:device_event_log_impl.cc(208)] [16:30:39.413] Bluetooth: bluetooth_adapter_winrt.cc:1076 Getting Default Adapter failed.
11월 13, 2020 16:33:18.288 [13712:1476:1113/163318.287:ERROR:device_event_log_impl.cc(208)] [16:33:18.287] Bluetooth: bluetooth_adapter_winrt.cc:1076 Getting Default Adapter failed.
11월 13, 2020 16:37:18.72 [3020:16124:1113/163718.072:ERROR:device_event_log_impl.cc(208)] [16:37:18.071] Bluetooth: bluetooth_adapter_winrt.cc:1076 Getting Default Adapter failed.
11월 13, 2020 16:47:15.626 [1113/164715.625:ERROR:directory_reader_win.cc(43)] FindFirstFile: 지정된 경로를 찾을 수 없습니다. (0x3)
11월 13, 2020 17:07:55.338 [3020:14264:1113/170755.338:ERROR:socket_stream.cc(219)] Closing stream with result -2
11월 13, 2020 17:46:57.133 [3020:14264:1113/174657.133:ERROR:socket_stream.cc(219)] Closing stream with result -2
11월 13, 2020 18:15:36.721 [5504:3616:1113/181536.721:ERROR:device_event_log_impl.cc(208)] [18:15:36.721] Bluetooth: bluetooth_adapter_winrt.cc:1076 Getting Default Adapter failed.
11월 13, 2020 18:25:25.674 [1113/182525.671:ERROR:directory_reader_win.cc(43)] FindFirstFile: 지정된 경로를 찾을 수 없습니다. (0x3)
11월 13, 2020 19:23:08.522 [5504:5492:1113/192308.521:ERROR:socket_stream.cc(219)] Closing stream with result -2
11월 13, 2020 20:18:31.235 [14808:16960:1113/201831.234:ERROR:device_event_log_impl.cc(208)] [20:18:31.234] Bluetooth: bluetooth_adapter_winrt.cc:1076 Getting Default Adapter failed.
11월 13, 2020 20:28:28.764 [1113/202828.763:ERROR:directory_reader_win.cc(43)] FindFirstFile: 지정된 경로를 찾을 수 없습니다. (0x3)
11월 13, 2020 20:29:26.334 [12160:6304:1113/202926.334:ERROR:device_event_log_impl.cc(208)] [20:29:26.334] Bluetooth: bluetooth_adapter_winrt.cc:1076 Getting Default Adapter failed.
11월 13, 2020 20:32:50.826 [2764:808:1113/203250.825:ERROR:device_event_log_impl.cc(208)] [20:32:50.825] Bluetooth: bluetooth_adapter_winrt.cc:1076 Getting Default Adapter failed.
11월 13, 2020 20:33:27.374 [8660:5288:1113/203327.374:ERROR:device_event_log_impl.cc(208)] [20:33:27.373] Bluetooth: bluetooth_adapter_winrt.cc:1076 Getting Default Adapter failed.
11월 13, 2020 20:39:07.485 [1228:15732:1113/203907.484:ERROR:device_event_log_impl.cc(208)] [20:39:07.484] Bluetooth: bluetooth_adapter_winrt.cc:1076 Getting Default Adapter failed.
11월 13, 2020 20:48:55.909 [1113/204855.906:ERROR:directory_reader_win.cc(43)] FindFirstFile: 지정된 경로를 찾을 수 없습니다. (0x3)

11월 16, 2020 09:53:33.374 NEW SESSION
11월 16, 2020 09:53:33.375 [5340:7144:1116/095333.373:ERROR:device_event_log_impl.cc(208)] [09:53:33.373] Bluetooth: bluetooth_adapter_winrt.cc:1076 Getting Default Adapter failed.
11월 16, 2020 09:56:35.284 [4168:14656:1116/095635.284:ERROR:device_event_log_impl.cc(208)] [09:56:35.284] Bluetooth: bluetooth_adapter_winrt.cc:1076 Getting Default Adapter failed.
11월 16, 2020 09:58:41.97 [17924:14504:1116/095841.096:ERROR:device_event_log_impl.cc(208)] [09:58:41.096] Bluetooth: bluetooth_adapter_winrt.cc:1076 Getting Default Adapter failed.
11월 16, 2020 10:02:20.266 [17592:13956:1116/100220.265:ERROR:device_event_log_impl.cc(208)] [10:02:20.265] Bluetooth: bluetooth_adapter_winrt.cc:1076 Getting Default Adapter failed.
11월 16, 2020 10:08:50.183 [15780:2108:1116/100850.183:ERROR:device_event_log_impl.cc(208)] [10:08:50.183] Bluetooth: bluetooth_adapter_winrt.cc:1076 Getting Default Adapter failed.
11월 16, 2020 10:09:06.720 [10392:7292:1116/100906.720:ERROR:device_event_log_impl.cc(208)] [10:09:06.720] Bluetooth: bluetooth_adapter_winrt.cc:1076 Getting Default Adapter failed.
11월 16, 2020 10:18:06.557 [10868:11112:1116/101806.557:ERROR:device_event_log_impl.cc(208)] [10:18:06.557] Bluetooth: bluetooth_adapter_winrt.cc:1076 Getting Default Adapter failed.
11월 16, 2020 10:22:28.458 [13184:11364:1116/102228.457:ERROR:device_event_log_impl.cc(208)] [10:22:28.457] Bluetooth: bluetooth_adapter_winrt.cc:1076 Getting Default Adapter failed.
11월 16, 2020 10:28:43.807 [16128:13472:1116/102843.806:ERROR:device_event_log_impl.cc(208)] [10:28:43.806] Bluetooth: bluetooth_adapter_winrt.cc:1076 Getting Default Adapter failed.
11월 16, 2020 10:53:14.204 [14968:15180:1116/105314.204:ERROR:device_event_log_impl.cc(208)] [10:53:14.204] Bluetooth: bluetooth_adapter_winrt.cc:1076 Getting Default Adapter failed.
11월 16, 2020 10:59:02.439 [16724:16500:1116/105902.439:ERROR:device_event_log_impl.cc(208)] [10:59:02.439] Bluetooth: bluetooth_adapter_winrt.cc:1076 Getting Default Adapter failed.
11월 16, 2020 11:08:57.768 [1116/110857.766:ERROR:directory_reader_win.cc(43)] FindFirstFile: 지정된 경로를 찾을 수 없습니다. (0x3)
11월 16, 2020 11:44:01.188 [32:11604:1116/114401.187:ERROR:device_event_log_impl.cc(208)] [11:44:01.188] Bluetooth: bluetooth_adapter_winrt.cc:1076 Getting Default Adapter failed.
11월 16, 2020 11:51:26.736 [18148:17344:1116/115126.736:ERROR:device_event_log_impl.cc(208)] [11:51:26.736] Bluetooth: bluetooth_adapter_winrt.cc:1076 Getting Default Adapter failed.
11월 16, 2020 11:58:16.361 [2732:18144:1116/115816.361:ERROR:device_event_log_impl.cc(208)] [11:58:16.361] Bluetooth: bluetooth_adapter_winrt.cc:1076 Getting Default Adapter failed.
11월 16, 2020 12:08:14.793 [1116/120814.792:ERROR:directory_reader_win.cc(43)] FindFirstFile: 지정된 경로를 찾을 수 없습니다. (0x3)
11월 16, 2020 13:16:41.355 [10868:3232:1116/131641.355:ERROR:device_event_log_impl.cc(208)] [13:16:41.355] Bluetooth: bluetooth_adapter_winrt.cc:1076 Getting Default Adapter failed.
11월 16, 2020 13:26:30.855 [1116/132630.852:ERROR:directory_reader_win.cc(43)] FindFirstFile: 지정된 경로를 찾을 수 없습니다. (0x3)
11월 16, 2020 13:29:24.490 [10836:6000:1116/132924.490:ERROR:device_event_log_impl.cc(208)] [13:29:24.490] Bluetooth: bluetooth_adapter_winrt.cc:1076 Getting Default Adapter failed.
11월 16, 2020 13:55:08.384 [13268:15156:1116/135508.384:ERROR:device_event_log_impl.cc(208)] [13:55:08.384] Bluetooth: bluetooth_adapter_winrt.cc:1076 Getting Default Adapter failed.
11월 16, 2020 14:02:49.757 [9480:11004:1116/140249.757:ERROR:device_event_log_impl.cc(208)] [14:02:49.757] Bluetooth: bluetooth_adapter_winrt.cc:1076 Getting Default Adapter failed.
11월 16, 2020 14:04:57.126 [18060:10040:1116/140457.125:ERROR:device_event_log_impl.cc(208)] [14:04:57.126] Bluetooth: bluetooth_adapter_winrt.cc:1076 Getting Default Adapter failed.
11월 16, 2020 14:08:01.13 [14216:2188:1116/140801.012:ERROR:device_event_log_impl.cc(208)] [14:08:01.012] Bluetooth: bluetooth_adapter_winrt.cc:1076 Getting Default Adapter failed.
11월 16, 2020 14:58:32.581 [16576:9472:1116/145832.580:ERROR:device_event_log_impl.cc(208)] [14:58:32.580] Bluetooth: bluetooth_adapter_winrt.cc:1076 Getting Default Adapter failed.
11월 16, 2020 15:20:13.726 [12720:7892:1116/152013.725:ERROR:device_event_log_impl.cc(208)] [15:20:13.725] Bluetooth: bluetooth_adapter_winrt.cc:1076 Getting Default Adapter failed.
11월 16, 2020 15:30:01.389 [1116/153001.387:ERROR:directory_reader_win.cc(43)] FindFirstFile: 지정된 경로를 찾을 수 없습니다. (0x3)
11월 16, 2020 15:57:07.632 [15200:9940:1116/155707.632:ERROR:device_event_log_impl.cc(208)] [15:57:07.632] Bluetooth: bluetooth_adapter_winrt.cc:1076 Getting Default Adapter failed.
11월 16, 2020 16:07:06.158 [1116/160706.157:ERROR:directory_reader_win.cc(43)] FindFirstFile: 지정된 경로를 찾을 수 없습니다. (0x3)
11월 16, 2020 17:38:37.342 [1172:11944:1116/173837.342:ERROR:device_event_log_impl.cc(208)] [17:38:37.342] Bluetooth: bluetooth_adapter_winrt.cc:1076 Getting Default Adapter failed.
11월 16, 2020 17:40:18.667 [11284:12732:1116/174018.667:ERROR:device_event_log_impl.cc(208)] [17:40:18.667] Bluetooth: bluetooth_adapter_winrt.cc:1076 Getting Default Adapter failed.
11월 16, 2020 17:43:58.981 [4448:13532:1116/174358.980:ERROR:device_event_log_impl.cc(208)] [17:43:58.981] Bluetooth: bluetooth_adapter_winrt.cc:1076 Getting Default Adapter failed.
11월 16, 2020 17:53:54.45 [1116/175354.044:ERROR:directory_reader_win.cc(43)] FindFirstFile: 지정된 경로를 찾을 수 없습니다. (0x3)
11월 16, 2020 17:54:43.98 [18088:11316:1116/175443.098:ERROR:device_event_log_impl.cc(208)] [17:54:43.097] Bluetooth: bluetooth_adapter_winrt.cc:1076 Getting Default Adapter failed.
11월 16, 2020 18:04:35.345 [1116/180435.343:ERROR:directory_reader_win.cc(43)] FindFirstFile: 지정된 경로를 찾을 수 없습니다. (0x3)

11월 17, 2020 10:11:57.465 NEW SESSION
11월 17, 2020 10:11:57.465 [16740:8204:1117/101157.464:ERROR:device_event_log_impl.cc(208)] [10:11:57.463] Bluetooth: bluetooth_adapter_winrt.cc:1076 Getting Default Adapter failed.
11월 17, 2020 10:18:43.661 [2696:14584:1117/101843.660:ERROR:device_event_log_impl.cc(208)] [10:18:43.660] Bluetooth: bluetooth_adapter_winrt.cc:1076 Getting Default Adapter failed.
11월 17, 2020 10:20:21.708 [13008:6644:1117/102021.708:ERROR:device_event_log_impl.cc(208)] [10:20:21.707] Bluetooth: bluetooth_adapter_winrt.cc:1076 Getting Default Adapter failed.
11월 17, 2020 10:27:25.457 [4852:9636:1117/102725.457:ERROR:device_event_log_impl.cc(208)] [10:27:25.457] Bluetooth: bluetooth_adapter_winrt.cc:1076 Getting Default Adapter failed.
11월 17, 2020 10:37:22.386 [1117/103722.383:ERROR:directory_reader_win.cc(43)] FindFirstFile: 지정된 경로를 찾을 수 없습니다. (0x3)
11월 17, 2020 10:58:02.468 [8500:17932:1117/105802.468:ERROR:device_event_log_impl.cc(208)] [10:58:02.468] Bluetooth: bluetooth_adapter_winrt.cc:1076 Getting Default Adapter failed.
11월 17, 2020 10:58:33.296 [14532:15380:1117/105833.296:ERROR:device_event_log_impl.cc(208)] [10:58:33.296] Bluetooth: bluetooth_adapter_winrt.cc:1076 Getting Default Adapter failed.
11월 17, 2020 11:27:23.84 [1020:6532:1117/112723.083:ERROR:device_event_log_impl.cc(208)] [11:27:23.083] Bluetooth: bluetooth_adapter_winrt.cc:1076 Getting Default Adapter failed.
11월 17, 2020 11:38:47.834 [16860:9472:1117/113847.834:ERROR:device_event_log_impl.cc(208)] [11:38:47.834] Bluetooth: bluetooth_adapter_winrt.cc:1076 Getting Default Adapter failed.
11월 17, 2020 11:48:41.978 [1117/114841.975:ERROR:directory_reader_win.cc(43)] FindFirstFile: 지정된 경로를 찾을 수 없습니다. (0x3)
11월 17, 2020 14:21:44.601 [9952:10560:1117/142144.601:ERROR:device_event_log_impl.cc(208)] [14:21:44.602] Bluetooth: bluetooth_adapter_winrt.cc:1076 Getting Default Adapter failed.
11월 17, 2020 14:31:39.463 [1117/143139.459:ERROR:directory_reader_win.cc(43)] FindFirstFile: 지정된 경로를 찾을 수 없습니다. (0x3)
11월 17, 2020 14:58:14.332 [16196:17992:1117/145814.332:ERROR:device_event_log_impl.cc(208)] [14:58:14.331] Bluetooth: bluetooth_adapter_winrt.cc:1076 Getting Default Adapter failed.
11월 17, 2020 15:03:20.363 [9640:15692:1117/150320.363:ERROR:device_event_log_impl.cc(208)] [15:03:20.363] Bluetooth: bluetooth_adapter_winrt.cc:1076 Getting Default Adapter failed.
11월 17, 2020 15:31:20.534 [4452:3528:1117/153120.533:ERROR:device_event_log_impl.cc(208)] [15:31:20.533] Bluetooth: bluetooth_adapter_winrt.cc:1076 Getting Default Adapter failed.
11월 17, 2020 15:41:09.16 [1117/154109.012:ERROR:directory_reader_win.cc(43)] FindFirstFile: 지정된 경로를 찾을 수 없습니다. (0x3)
11월 17, 2020 17:07:21.92 [6076:12492:1117/170721.092:ERROR:device_event_log_impl.cc(208)] [17:07:21.092] Bluetooth: bluetooth_adapter_winrt.cc:1076 Getting Default Adapter failed.
11월 17, 2020 17:17:18.383 [1117/171718.380:ERROR:directory_reader_win.cc(43)] FindFirstFile: 지정된 경로를 찾을 수 없습니다. (0x3)
11월 17, 2020 18:17:39.370 [10740:16748:1117/181739.370:ERROR:device_event_log_impl.cc(208)] [18:17:39.370] Bluetooth: bluetooth_adapter_winrt.cc:1076 Getting Default Adapter failed.
